# Logfile created on 2014-02-05 20:30:19 -0500 by logger.rb/44203
I, [2014-02-05T20:30:19.007294 #17925]  INFO -- : 0:  timers (1.1.0) from /Users/mark/.rvm/gems/ruby-2.0.0-p353/specifications/timers-1.1.0.gemspec
I, [2014-02-05T20:30:19.317358 #17925]  INFO -- : 0:  celluloid (0.15.2) from /Users/mark/.rvm/gems/ruby-2.0.0-p353/specifications/celluloid-0.15.2.gemspec
I, [2014-02-05T20:30:19.757448 #17925]  INFO -- : 0:  coderay (1.1.0) from /Users/mark/.rvm/gems/ruby-2.0.0-p353/specifications/coderay-1.1.0.gemspec
I, [2014-02-05T20:30:20.270773 #17925]  INFO -- : 0:  diff-lcs (1.2.5) from /Users/mark/.rvm/gems/ruby-2.0.0-p353/specifications/diff-lcs-1.2.5.gemspec
I, [2014-02-05T20:30:29.511190 #17925]  INFO -- : 0:  ffi (1.9.3) from /Users/mark/.rvm/gems/ruby-2.0.0-p353/specifications/ffi-1.9.3.gemspec
I, [2014-02-05T20:30:30.250864 #17925]  INFO -- : 0:  formatador (0.2.4) from /Users/mark/.rvm/gems/ruby-2.0.0-p353/specifications/formatador-0.2.4.gemspec
I, [2014-02-05T20:30:31.034307 #17925]  INFO -- : 0:  rb-fsevent (0.9.4) from /Users/mark/.rvm/gems/ruby-2.0.0-p353/specifications/rb-fsevent-0.9.4.gemspec
I, [2014-02-05T20:30:31.429485 #17925]  INFO -- : 0:  rb-inotify (0.9.3) from /Users/mark/.rvm/gems/ruby-2.0.0-p353/specifications/rb-inotify-0.9.3.gemspec
I, [2014-02-05T20:30:31.881099 #17925]  INFO -- : 0:  listen (2.4.0) from /Users/mark/.rvm/gems/ruby-2.0.0-p353/specifications/listen-2.4.0.gemspec
I, [2014-02-05T20:30:32.339567 #17925]  INFO -- : 0:  lumberjack (1.0.4) from /Users/mark/.rvm/gems/ruby-2.0.0-p353/specifications/lumberjack-1.0.4.gemspec
I, [2014-02-05T20:30:32.571300 #17925]  INFO -- : 0:  method_source (0.8.2) from /Users/mark/.rvm/gems/ruby-2.0.0-p353/specifications/method_source-0.8.2.gemspec
I, [2014-02-05T20:30:33.085378 #17925]  INFO -- : 0:  slop (3.4.7) from /Users/mark/.rvm/gems/ruby-2.0.0-p353/specifications/slop-3.4.7.gemspec
I, [2014-02-05T20:30:35.071182 #17925]  INFO -- : 0:  pry (0.9.12.6) from /Users/mark/.rvm/gems/ruby-2.0.0-p353/specifications/pry-0.9.12.6.gemspec
I, [2014-02-05T20:30:35.472689 #17925]  INFO -- : 0:  thor (0.18.1) from /Users/mark/.rvm/gems/ruby-2.0.0-p353/specifications/thor-0.18.1.gemspec
I, [2014-02-05T20:30:36.175721 #17925]  INFO -- : 0:  guard (2.3.0) from /Users/mark/.rvm/gems/ruby-2.0.0-p353/specifications/guard-2.3.0.gemspec
I, [2014-02-05T20:30:36.866766 #17925]  INFO -- : 0:  rspec-core (2.14.7) from /Users/mark/.rvm/gems/ruby-2.0.0-p353/specifications/rspec-core-2.14.7.gemspec
I, [2014-02-05T20:30:37.940127 #17925]  INFO -- : 0:  rspec-expectations (2.14.5) from /Users/mark/.rvm/gems/ruby-2.0.0-p353/specifications/rspec-expectations-2.14.5.gemspec
I, [2014-02-05T20:30:38.985331 #17925]  INFO -- : 0:  rspec-mocks (2.14.5) from /Users/mark/.rvm/gems/ruby-2.0.0-p353/specifications/rspec-mocks-2.14.5.gemspec
I, [2014-02-05T20:30:39.685504 #17925]  INFO -- : 0:  rspec (2.14.1) from /Users/mark/.rvm/gems/ruby-2.0.0-p353/specifications/rspec-2.14.1.gemspec
I, [2014-02-05T20:30:39.985675 #17925]  INFO -- : 0:  guard-rspec (4.2.5) from /Users/mark/.rvm/gems/ruby-2.0.0-p353/specifications/guard-rspec-4.2.5.gemspec
I, [2014-02-05T20:30:39.986051 #17925]  INFO -- : 0:  bundler (1.5.1) from /Users/mark/.rvm/gems/ruby-2.0.0-p353@global/specifications/bundler-1.5.1.gemspec
I, [2014-02-05T20:35:02.144970 #18573]  INFO -- : 0:  timers (1.1.0) from /Users/mark/.rvm/gems/ruby-2.0.0-p353/specifications/timers-1.1.0.gemspec
I, [2014-02-05T20:35:02.146008 #18573]  INFO -- : 0:  celluloid (0.15.2) from /Users/mark/.rvm/gems/ruby-2.0.0-p353/specifications/celluloid-0.15.2.gemspec
I, [2014-02-05T20:35:02.146381 #18573]  INFO -- : 0:  coderay (1.1.0) from /Users/mark/.rvm/gems/ruby-2.0.0-p353/specifications/coderay-1.1.0.gemspec
I, [2014-02-05T20:35:02.146668 #18573]  INFO -- : 0:  diff-lcs (1.2.5) from /Users/mark/.rvm/gems/ruby-2.0.0-p353/specifications/diff-lcs-1.2.5.gemspec
I, [2014-02-05T20:35:02.146943 #18573]  INFO -- : 0:  ffi (1.9.3) from /Users/mark/.rvm/gems/ruby-2.0.0-p353/specifications/ffi-1.9.3.gemspec
I, [2014-02-05T20:35:02.147189 #18573]  INFO -- : 0:  formatador (0.2.4) from /Users/mark/.rvm/gems/ruby-2.0.0-p353/specifications/formatador-0.2.4.gemspec
I, [2014-02-05T20:35:02.147498 #18573]  INFO -- : 0:  rb-fsevent (0.9.4) from /Users/mark/.rvm/gems/ruby-2.0.0-p353/specifications/rb-fsevent-0.9.4.gemspec
I, [2014-02-05T20:35:02.147735 #18573]  INFO -- : 0:  rb-inotify (0.9.3) from /Users/mark/.rvm/gems/ruby-2.0.0-p353/specifications/rb-inotify-0.9.3.gemspec
I, [2014-02-05T20:35:02.147989 #18573]  INFO -- : 0:  listen (2.4.0) from /Users/mark/.rvm/gems/ruby-2.0.0-p353/specifications/listen-2.4.0.gemspec
I, [2014-02-05T20:35:02.148254 #18573]  INFO -- : 0:  lumberjack (1.0.4) from /Users/mark/.rvm/gems/ruby-2.0.0-p353/specifications/lumberjack-1.0.4.gemspec
I, [2014-02-05T20:35:02.152631 #18573]  INFO -- : 0:  method_source (0.8.2) from /Users/mark/.rvm/gems/ruby-2.0.0-p353/specifications/method_source-0.8.2.gemspec
I, [2014-02-05T20:35:02.152901 #18573]  INFO -- : 0:  slop (3.4.7) from /Users/mark/.rvm/gems/ruby-2.0.0-p353/specifications/slop-3.4.7.gemspec
I, [2014-02-05T20:35:02.153159 #18573]  INFO -- : 0:  pry (0.9.12.6) from /Users/mark/.rvm/gems/ruby-2.0.0-p353/specifications/pry-0.9.12.6.gemspec
I, [2014-02-05T20:35:02.153427 #18573]  INFO -- : 0:  thor (0.18.1) from /Users/mark/.rvm/gems/ruby-2.0.0-p353/specifications/thor-0.18.1.gemspec
I, [2014-02-05T20:35:02.153651 #18573]  INFO -- : 0:  guard (2.3.0) from /Users/mark/.rvm/gems/ruby-2.0.0-p353/specifications/guard-2.3.0.gemspec
I, [2014-02-05T20:35:02.153900 #18573]  INFO -- : 0:  rspec-core (2.14.7) from /Users/mark/.rvm/gems/ruby-2.0.0-p353/specifications/rspec-core-2.14.7.gemspec
I, [2014-02-05T20:35:02.154169 #18573]  INFO -- : 0:  rspec-expectations (2.14.5) from /Users/mark/.rvm/gems/ruby-2.0.0-p353/specifications/rspec-expectations-2.14.5.gemspec
I, [2014-02-05T20:35:02.154421 #18573]  INFO -- : 0:  rspec-mocks (2.14.5) from /Users/mark/.rvm/gems/ruby-2.0.0-p353/specifications/rspec-mocks-2.14.5.gemspec
I, [2014-02-05T20:35:02.154667 #18573]  INFO -- : 0:  rspec (2.14.1) from /Users/mark/.rvm/gems/ruby-2.0.0-p353/specifications/rspec-2.14.1.gemspec
I, [2014-02-05T20:35:02.154906 #18573]  INFO -- : 0:  guard-rspec (4.2.5) from /Users/mark/.rvm/gems/ruby-2.0.0-p353/specifications/guard-rspec-4.2.5.gemspec
I, [2014-02-05T20:35:02.155142 #18573]  INFO -- : 0:  bundler (1.5.1) from /Users/mark/.rvm/gems/ruby-2.0.0-p353@global/specifications/bundler-1.5.1.gemspec
I, [2014-02-05T20:41:49.654428 #19327]  INFO -- : 0:  timers (1.1.0) from /Users/mark/.rvm/gems/ruby-2.0.0-p353@build_small_things/specifications/timers-1.1.0.gemspec
I, [2014-02-05T20:41:50.201931 #19327]  INFO -- : 0:  celluloid (0.15.2) from /Users/mark/.rvm/gems/ruby-2.0.0-p353@build_small_things/specifications/celluloid-0.15.2.gemspec
I, [2014-02-05T20:41:50.643327 #19327]  INFO -- : 0:  coderay (1.1.0) from /Users/mark/.rvm/gems/ruby-2.0.0-p353@build_small_things/specifications/coderay-1.1.0.gemspec
I, [2014-02-05T20:41:50.987414 #19327]  INFO -- : 0:  diff-lcs (1.2.5) from /Users/mark/.rvm/gems/ruby-2.0.0-p353@build_small_things/specifications/diff-lcs-1.2.5.gemspec
I, [2014-02-05T20:41:57.133064 #19327]  INFO -- : 0:  ffi (1.9.3) from /Users/mark/.rvm/gems/ruby-2.0.0-p353@build_small_things/specifications/ffi-1.9.3.gemspec
I, [2014-02-05T20:41:57.416882 #19327]  INFO -- : 0:  formatador (0.2.4) from /Users/mark/.rvm/gems/ruby-2.0.0-p353@build_small_things/specifications/formatador-0.2.4.gemspec
I, [2014-02-05T20:42:04.117701 #19327]  INFO -- : 0:  rb-fsevent (0.9.4) from /Users/mark/.rvm/gems/ruby-2.0.0-p353@build_small_things/specifications/rb-fsevent-0.9.4.gemspec
I, [2014-02-05T20:42:06.266226 #19327]  INFO -- : 0:  rb-inotify (0.9.3) from /Users/mark/.rvm/gems/ruby-2.0.0-p353@build_small_things/specifications/rb-inotify-0.9.3.gemspec
I, [2014-02-05T20:42:06.753136 #19327]  INFO -- : 0:  listen (2.4.0) from /Users/mark/.rvm/gems/ruby-2.0.0-p353@build_small_things/specifications/listen-2.4.0.gemspec
I, [2014-02-05T20:42:07.690807 #19327]  INFO -- : 0:  lumberjack (1.0.4) from /Users/mark/.rvm/gems/ruby-2.0.0-p353@build_small_things/specifications/lumberjack-1.0.4.gemspec
I, [2014-02-05T20:42:13.566955 #19327]  INFO -- : 0:  method_source (0.8.2) from /Users/mark/.rvm/gems/ruby-2.0.0-p353@build_small_things/specifications/method_source-0.8.2.gemspec
I, [2014-02-05T20:42:15.099646 #19327]  INFO -- : 0:  slop (3.4.7) from /Users/mark/.rvm/gems/ruby-2.0.0-p353@build_small_things/specifications/slop-3.4.7.gemspec
I, [2014-02-05T20:42:18.981916 #19327]  INFO -- : 0:  pry (0.9.12.6) from /Users/mark/.rvm/gems/ruby-2.0.0-p353@build_small_things/specifications/pry-0.9.12.6.gemspec
I, [2014-02-05T20:42:19.789570 #19327]  INFO -- : 0:  thor (0.18.1) from /Users/mark/.rvm/gems/ruby-2.0.0-p353@build_small_things/specifications/thor-0.18.1.gemspec
I, [2014-02-05T20:42:22.425103 #19327]  INFO -- : 0:  guard (2.3.0) from /Users/mark/.rvm/gems/ruby-2.0.0-p353@build_small_things/specifications/guard-2.3.0.gemspec
I, [2014-02-05T20:42:23.373956 #19327]  INFO -- : 0:  rspec-core (2.14.7) from /Users/mark/.rvm/gems/ruby-2.0.0-p353@build_small_things/specifications/rspec-core-2.14.7.gemspec
I, [2014-02-05T20:42:24.985448 #19327]  INFO -- : 0:  rspec-expectations (2.14.5) from /Users/mark/.rvm/gems/ruby-2.0.0-p353@build_small_things/specifications/rspec-expectations-2.14.5.gemspec
I, [2014-02-05T20:42:25.565033 #19327]  INFO -- : 0:  rspec-mocks (2.14.5) from /Users/mark/.rvm/gems/ruby-2.0.0-p353@build_small_things/specifications/rspec-mocks-2.14.5.gemspec
I, [2014-02-05T20:42:25.933910 #19327]  INFO -- : 0:  rspec (2.14.1) from /Users/mark/.rvm/gems/ruby-2.0.0-p353@build_small_things/specifications/rspec-2.14.1.gemspec
I, [2014-02-05T20:42:26.406016 #19327]  INFO -- : 0:  guard-rspec (4.2.5) from /Users/mark/.rvm/gems/ruby-2.0.0-p353@build_small_things/specifications/guard-rspec-4.2.5.gemspec
I, [2014-02-05T20:42:26.406600 #19327]  INFO -- : 0:  bundler (1.5.1) from /Users/mark/.rvm/gems/ruby-2.0.0-p353@global/specifications/bundler-1.5.1.gemspec
